{"level":"INFO","message":"[6:05:55.760 PM]: Configuring logger with level: 1, filePath: undefined, additionalLogToConsole: undefined"}
{"level":"INFO","message":"[9:42:11.943 AM]: Configuring logger with level: 1, filePath: undefined, additionalLogToConsole: undefined"}
{"level":"ERROR","message":"[10:41:02.148 AM]: Error issuing heartbeat call: Incoming request with IP/Token 173.172.159.211 is not allowed to access Snowflake. Contact your account administrator. For more information about this error, go to https://community.snowflake.com/s/ip-xxxxxxxxxxxx-is-not-allowed-to-access."}
{"level":"INFO","message":"[12:14:16.012 PM]: Configuring logger with level: 1, filePath: undefined, additionalLogToConsole: undefined"}
{"level":"INFO","message":"[1:10:51.910 PM]: Configuring logger with level: 1, filePath: undefined, additionalLogToConsole: undefined"}
{"level":"INFO","message":"[1:11:37.986 PM]: Configuring logger with level: 1, filePath: undefined, additionalLogToConsole: undefined"}
{"level":"INFO","message":"[1:14:44.810 PM]: Configuring logger with level: 1, filePath: undefined, additionalLogToConsole: undefined"}
{"level":"INFO","message":"[1:14:45.325 PM]: Configuring logger with level: 1, filePath: undefined, additionalLogToConsole: undefined"}
{"level":"INFO","message":"[1:14:55.815 PM]: Configuring logger with level: 1, filePath: undefined, additionalLogToConsole: undefined"}
{"level":"INFO","message":"[1:15:53.809 PM]: Configuring logger with level: 1, filePath: undefined, additionalLogToConsole: undefined"}
{"level":"INFO","message":"[1:16:23.632 PM]: Configuring logger with level: 1, filePath: undefined, additionalLogToConsole: undefined"}
{"level":"INFO","message":"[1:17:45.352 PM]: Configuring logger with level: 1, filePath: undefined, additionalLogToConsole: undefined"}
{"level":"INFO","message":"[1:19:05.381 PM]: Configuring logger with level: 1, filePath: undefined, additionalLogToConsole: undefined"}
{"level":"INFO","message":"[1:20:05.023 PM]: Configuring logger with level: 1, filePath: undefined, additionalLogToConsole: undefined"}
{"level":"INFO","message":"[1:20:06.688 PM]: Configuring logger with level: 1, filePath: undefined, additionalLogToConsole: undefined"}
{"level":"INFO","message":"[1:20:07.841 PM]: Configuring logger with level: 1, filePath: undefined, additionalLogToConsole: undefined"}
{"level":"INFO","message":"[1:20:10.890 PM]: Configuring logger with level: 1, filePath: undefined, additionalLogToConsole: undefined"}
{"level":"INFO","message":"[1:20:11.724 PM]: Configuring logger with level: 1, filePath: undefined, additionalLogToConsole: undefined"}
{"level":"INFO","message":"[1:21:04.442 PM]: Configuring logger with level: 1, filePath: undefined, additionalLogToConsole: undefined"}
{"level":"INFO","message":"[1:21:47.008 PM]: Configuring logger with level: 1, filePath: undefined, additionalLogToConsole: undefined"}
{"level":"INFO","message":"[1:22:16.583 PM]: Configuring logger with level: 1, filePath: undefined, additionalLogToConsole: undefined"}
{"level":"INFO","message":"[1:22:49.315 PM]: Configuring logger with level: 1, filePath: undefined, additionalLogToConsole: undefined"}
{"level":"INFO","message":"[1:23:34.145 PM]: Configuring logger with level: 1, filePath: undefined, additionalLogToConsole: undefined"}
{"level":"INFO","message":"[1:24:12.237 PM]: Configuring logger with level: 1, filePath: undefined, additionalLogToConsole: undefined"}
{"level":"INFO","message":"[1:24:22.769 PM]: Configuring logger with level: 1, filePath: undefined, additionalLogToConsole: undefined"}
{"level":"INFO","message":"[1:24:28.999 PM]: Configuring logger with level: 1, filePath: undefined, additionalLogToConsole: undefined"}
{"level":"INFO","message":"[1:26:01.306 PM]: Configuring logger with level: 1, filePath: undefined, additionalLogToConsole: undefined"}
{"level":"INFO","message":"[1:26:22.562 PM]: Configuring logger with level: 1, filePath: undefined, additionalLogToConsole: undefined"}
{"level":"INFO","message":"[1:26:25.794 PM]: Configuring logger with level: 1, filePath: undefined, additionalLogToConsole: undefined"}
{"level":"INFO","message":"[1:26:27.724 PM]: Configuring logger with level: 1, filePath: undefined, additionalLogToConsole: undefined"}
{"level":"INFO","message":"[1:26:28.288 PM]: Configuring logger with level: 1, filePath: undefined, additionalLogToConsole: undefined"}
{"level":"INFO","message":"[1:27:00.165 PM]: Configuring logger with level: 1, filePath: undefined, additionalLogToConsole: undefined"}
{"level":"INFO","message":"[1:27:04.393 PM]: Configuring logger with level: 1, filePath: undefined, additionalLogToConsole: undefined"}
{"level":"INFO","message":"[1:40:13.131 PM]: Configuring logger with level: 1, filePath: undefined, additionalLogToConsole: undefined"}
{"level":"INFO","message":"[1:42:50.521 PM]: Configuring logger with level: 1, filePath: undefined, additionalLogToConsole: undefined"}
{"level":"INFO","message":"[1:43:31.204 PM]: Configuring logger with level: 1, filePath: undefined, additionalLogToConsole: undefined"}
{"level":"INFO","message":"[1:43:40.919 PM]: Configuring logger with level: 1, filePath: undefined, additionalLogToConsole: undefined"}
{"level":"INFO","message":"[1:43:41.984 PM]: Configuring logger with level: 1, filePath: undefined, additionalLogToConsole: undefined"}
{"level":"INFO","message":"[1:43:43.218 PM]: Configuring logger with level: 1, filePath: undefined, additionalLogToConsole: undefined"}
{"level":"INFO","message":"[1:43:47.311 PM]: Configuring logger with level: 1, filePath: undefined, additionalLogToConsole: undefined"}
{"level":"INFO","message":"[1:43:53.849 PM]: Configuring logger with level: 1, filePath: undefined, additionalLogToConsole: undefined"}
{"level":"INFO","message":"[1:44:15.117 PM]: Configuring logger with level: 1, filePath: undefined, additionalLogToConsole: undefined"}
{"level":"INFO","message":"[1:46:23.920 PM]: Configuring logger with level: 1, filePath: undefined, additionalLogToConsole: undefined"}
{"level":"INFO","message":"[1:46:36.783 PM]: Configuring logger with level: 1, filePath: undefined, additionalLogToConsole: undefined"}
{"level":"INFO","message":"[1:46:38.759 PM]: Configuring logger with level: 1, filePath: undefined, additionalLogToConsole: undefined"}
{"level":"INFO","message":"[1:46:40.658 PM]: Configuring logger with level: 1, filePath: undefined, additionalLogToConsole: undefined"}
{"level":"INFO","message":"[1:49:06.433 PM]: Configuring logger with level: 1, filePath: undefined, additionalLogToConsole: undefined"}
{"level":"INFO","message":"[1:49:18.304 PM]: Configuring logger with level: 1, filePath: undefined, additionalLogToConsole: undefined"}
{"level":"INFO","message":"[1:52:37.725 PM]: Configuring logger with level: 1, filePath: undefined, additionalLogToConsole: undefined"}
{"level":"INFO","message":"[5:09:30.006 PM]: Configuring logger with level: 1, filePath: undefined, additionalLogToConsole: undefined"}
{"level":"INFO","message":"[5:10:20.115 PM]: Configuring logger with level: 1, filePath: undefined, additionalLogToConsole: undefined"}
{"level":"INFO","message":"[5:10:38.246 PM]: Configuring logger with level: 1, filePath: undefined, additionalLogToConsole: undefined"}
{"level":"INFO","message":"[5:10:58.076 PM]: Configuring logger with level: 1, filePath: undefined, additionalLogToConsole: undefined"}
{"level":"INFO","message":"[5:10:59.386 PM]: Configuring logger with level: 1, filePath: undefined, additionalLogToConsole: undefined"}
{"level":"INFO","message":"[5:11:00.009 PM]: Configuring logger with level: 1, filePath: undefined, additionalLogToConsole: undefined"}
{"level":"INFO","message":"[5:11:00.601 PM]: Configuring logger with level: 1, filePath: undefined, additionalLogToConsole: undefined"}
{"level":"INFO","message":"[5:11:01.075 PM]: Configuring logger with level: 1, filePath: undefined, additionalLogToConsole: undefined"}
{"level":"INFO","message":"[5:11:02.079 PM]: Configuring logger with level: 1, filePath: undefined, additionalLogToConsole: undefined"}
{"level":"INFO","message":"[5:11:02.712 PM]: Configuring logger with level: 1, filePath: undefined, additionalLogToConsole: undefined"}
{"level":"INFO","message":"[5:11:03.261 PM]: Configuring logger with level: 1, filePath: undefined, additionalLogToConsole: undefined"}
{"level":"INFO","message":"[5:11:03.725 PM]: Configuring logger with level: 1, filePath: undefined, additionalLogToConsole: undefined"}
{"level":"INFO","message":"[5:11:04.265 PM]: Configuring logger with level: 1, filePath: undefined, additionalLogToConsole: undefined"}
{"level":"INFO","message":"[5:11:05.089 PM]: Configuring logger with level: 1, filePath: undefined, additionalLogToConsole: undefined"}
{"level":"INFO","message":"[5:11:05.782 PM]: Configuring logger with level: 1, filePath: undefined, additionalLogToConsole: undefined"}
{"level":"INFO","message":"[5:11:18.764 PM]: Configuring logger with level: 1, filePath: undefined, additionalLogToConsole: undefined"}
{"level":"INFO","message":"[5:11:26.969 PM]: Configuring logger with level: 1, filePath: undefined, additionalLogToConsole: undefined"}
{"level":"INFO","message":"[5:12:52.297 PM]: Configuring logger with level: 1, filePath: undefined, additionalLogToConsole: undefined"}
{"level":"INFO","message":"[5:18:41.924 PM]: Configuring logger with level: 1, filePath: undefined, additionalLogToConsole: undefined"}
{"level":"INFO","message":"[5:19:23.108 PM]: Configuring logger with level: 1, filePath: undefined, additionalLogToConsole: undefined"}
{"level":"INFO","message":"[5:20:52.464 PM]: Configuring logger with level: 1, filePath: undefined, additionalLogToConsole: undefined"}
{"level":"INFO","message":"[5:22:18.458 PM]: Configuring logger with level: 1, filePath: undefined, additionalLogToConsole: undefined"}
{"level":"INFO","message":"[5:23:13.925 PM]: Configuring logger with level: 1, filePath: undefined, additionalLogToConsole: undefined"}
{"level":"INFO","message":"[5:24:05.050 PM]: Configuring logger with level: 1, filePath: undefined, additionalLogToConsole: undefined"}
{"level":"INFO","message":"[5:24:37.299 PM]: Configuring logger with level: 1, filePath: undefined, additionalLogToConsole: undefined"}
{"level":"INFO","message":"[5:25:09.897 PM]: Configuring logger with level: 1, filePath: undefined, additionalLogToConsole: undefined"}
{"level":"INFO","message":"[5:25:21.022 PM]: Configuring logger with level: 1, filePath: undefined, additionalLogToConsole: undefined"}
{"level":"INFO","message":"[5:25:21.909 PM]: Configuring logger with level: 1, filePath: undefined, additionalLogToConsole: undefined"}
{"level":"INFO","message":"[5:25:22.863 PM]: Configuring logger with level: 1, filePath: undefined, additionalLogToConsole: undefined"}
{"level":"INFO","message":"[5:25:23.983 PM]: Configuring logger with level: 1, filePath: undefined, additionalLogToConsole: undefined"}
{"level":"INFO","message":"[5:25:25.360 PM]: Configuring logger with level: 1, filePath: undefined, additionalLogToConsole: undefined"}
{"level":"INFO","message":"[5:25:27.600 PM]: Configuring logger with level: 1, filePath: undefined, additionalLogToConsole: undefined"}
{"level":"INFO","message":"[5:25:40.102 PM]: Configuring logger with level: 1, filePath: undefined, additionalLogToConsole: undefined"}
{"level":"INFO","message":"[5:25:51.561 PM]: Configuring logger with level: 1, filePath: undefined, additionalLogToConsole: undefined"}
{"level":"INFO","message":"[5:26:44.635 PM]: Configuring logger with level: 1, filePath: undefined, additionalLogToConsole: undefined"}
{"level":"INFO","message":"[5:28:27.762 PM]: Configuring logger with level: 1, filePath: undefined, additionalLogToConsole: undefined"}
{"level":"INFO","message":"[5:28:40.984 PM]: Configuring logger with level: 1, filePath: undefined, additionalLogToConsole: undefined"}
{"level":"INFO","message":"[5:28:55.252 PM]: Configuring logger with level: 1, filePath: undefined, additionalLogToConsole: undefined"}
{"level":"INFO","message":"[5:28:56.274 PM]: Configuring logger with level: 1, filePath: undefined, additionalLogToConsole: undefined"}
{"level":"INFO","message":"[5:29:15.744 PM]: Configuring logger with level: 1, filePath: undefined, additionalLogToConsole: undefined"}
{"level":"INFO","message":"[5:29:58.666 PM]: Configuring logger with level: 1, filePath: undefined, additionalLogToConsole: undefined"}
{"level":"INFO","message":"[5:29:59.315 PM]: Configuring logger with level: 1, filePath: undefined, additionalLogToConsole: undefined"}
{"level":"INFO","message":"[5:30:00.095 PM]: Configuring logger with level: 1, filePath: undefined, additionalLogToConsole: undefined"}
{"level":"INFO","message":"[5:30:00.820 PM]: Configuring logger with level: 1, filePath: undefined, additionalLogToConsole: undefined"}
{"level":"INFO","message":"[5:30:01.477 PM]: Configuring logger with level: 1, filePath: undefined, additionalLogToConsole: undefined"}
{"level":"INFO","message":"[5:30:02.437 PM]: Configuring logger with level: 1, filePath: undefined, additionalLogToConsole: undefined"}
{"level":"INFO","message":"[5:30:03.223 PM]: Configuring logger with level: 1, filePath: undefined, additionalLogToConsole: undefined"}
{"level":"INFO","message":"[5:33:46.603 PM]: Configuring logger with level: 1, filePath: undefined, additionalLogToConsole: undefined"}
{"level":"INFO","message":"[5:34:19.515 PM]: Configuring logger with level: 1, filePath: undefined, additionalLogToConsole: undefined"}
{"level":"INFO","message":"[5:36:10.675 PM]: Configuring logger with level: 1, filePath: undefined, additionalLogToConsole: undefined"}
{"level":"INFO","message":"[5:36:11.306 PM]: Configuring logger with level: 1, filePath: undefined, additionalLogToConsole: undefined"}
{"level":"INFO","message":"[5:39:56.391 PM]: Configuring logger with level: 1, filePath: undefined, additionalLogToConsole: undefined"}
{"level":"INFO","message":"[5:41:03.474 PM]: Configuring logger with level: 1, filePath: undefined, additionalLogToConsole: undefined"}
{"level":"INFO","message":"[5:44:56.499 PM]: Configuring logger with level: 1, filePath: undefined, additionalLogToConsole: undefined"}
{"level":"INFO","message":"[5:45:20.962 PM]: Configuring logger with level: 1, filePath: undefined, additionalLogToConsole: undefined"}
{"level":"INFO","message":"[5:45:53.553 PM]: Configuring logger with level: 1, filePath: undefined, additionalLogToConsole: undefined"}
{"level":"INFO","message":"[5:46:44.829 PM]: Configuring logger with level: 1, filePath: undefined, additionalLogToConsole: undefined"}
{"level":"INFO","message":"[5:47:10.361 PM]: Configuring logger with level: 1, filePath: undefined, additionalLogToConsole: undefined"}
{"level":"INFO","message":"[5:47:45.359 PM]: Configuring logger with level: 1, filePath: undefined, additionalLogToConsole: undefined"}
{"level":"INFO","message":"[5:47:46.437 PM]: Configuring logger with level: 1, filePath: undefined, additionalLogToConsole: undefined"}
{"level":"INFO","message":"[5:47:58.988 PM]: Configuring logger with level: 1, filePath: undefined, additionalLogToConsole: undefined"}
{"level":"INFO","message":"[5:48:02.246 PM]: Configuring logger with level: 1, filePath: undefined, additionalLogToConsole: undefined"}
{"level":"INFO","message":"[5:48:06.477 PM]: Configuring logger with level: 1, filePath: undefined, additionalLogToConsole: undefined"}
{"level":"INFO","message":"[5:48:20.163 PM]: Configuring logger with level: 1, filePath: undefined, additionalLogToConsole: undefined"}
{"level":"INFO","message":"[5:48:47.629 PM]: Configuring logger with level: 1, filePath: undefined, additionalLogToConsole: undefined"}
{"level":"INFO","message":"[5:51:41.451 PM]: Configuring logger with level: 1, filePath: undefined, additionalLogToConsole: undefined"}
{"level":"INFO","message":"[5:52:02.768 PM]: Configuring logger with level: 1, filePath: undefined, additionalLogToConsole: undefined"}
{"level":"INFO","message":"[5:52:09.804 PM]: Configuring logger with level: 1, filePath: undefined, additionalLogToConsole: undefined"}
{"level":"INFO","message":"[5:52:32.005 PM]: Configuring logger with level: 1, filePath: undefined, additionalLogToConsole: undefined"}
{"level":"INFO","message":"[5:55:35.890 PM]: Configuring logger with level: 1, filePath: undefined, additionalLogToConsole: undefined"}
{"level":"INFO","message":"[5:55:39.138 PM]: Configuring logger with level: 1, filePath: undefined, additionalLogToConsole: undefined"}
{"level":"INFO","message":"[6:19:17.894 PM]: Configuring logger with level: 1, filePath: undefined, additionalLogToConsole: undefined"}
{"level":"INFO","message":"[6:54:27.277 PM]: Configuring logger with level: 1, filePath: undefined, additionalLogToConsole: undefined"}
{"level":"INFO","message":"[10:55:22.167 AM]: Configuring logger with level: 1, filePath: undefined, additionalLogToConsole: undefined"}
{"level":"ERROR","message":"[8:27:18.720 PM]: Error issuing heartbeat call: Incoming request with IP/Token 173.172.159.211 is not allowed to access Snowflake. Contact your account administrator. For more information about this error, go to https://community.snowflake.com/s/ip-xxxxxxxxxxxx-is-not-allowed-to-access."}
{"level":"ERROR","message":"[9:06:05.174 PM]: Error issuing heartbeat call: Incoming request with IP/Token 173.172.159.211 is not allowed to access Snowflake. Contact your account administrator. For more information about this error, go to https://community.snowflake.com/s/ip-xxxxxxxxxxxx-is-not-allowed-to-access."}
{"level":"INFO","message":"[9:44:33.902 PM]: Configuring logger with level: 1, filePath: undefined, additionalLogToConsole: undefined"}
{"level":"INFO","message":"[9:45:06.671 PM]: Configuring logger with level: 1, filePath: undefined, additionalLogToConsole: undefined"}
{"level":"ERROR","message":"[10:03:47.897 PM]: Error issuing heartbeat call: Incoming request with IP/Token 173.172.159.211 is not allowed to access Snowflake. Contact your account administrator. For more information about this error, go to https://community.snowflake.com/s/ip-xxxxxxxxxxxx-is-not-allowed-to-access."}
{"level":"INFO","message":"[8:32:25.031 AM]: Configuring logger with level: 1, filePath: undefined, additionalLogToConsole: undefined"}
{"level":"INFO","message":"[6:23:24.746 AM]: Configuring logger with level: 1, filePath: undefined, additionalLogToConsole: undefined"}
{"level":"INFO","message":"[6:23:33.652 AM]: Configuring logger with level: 1, filePath: undefined, additionalLogToConsole: undefined"}
{"level":"INFO","message":"[6:23:44.448 AM]: Configuring logger with level: 1, filePath: undefined, additionalLogToConsole: undefined"}
{"level":"INFO","message":"[6:24:46.680 AM]: Configuring logger with level: 1, filePath: undefined, additionalLogToConsole: undefined"}
{"level":"INFO","message":"[8:21:05.977 AM]: Configuring logger with level: 1, filePath: undefined, additionalLogToConsole: undefined"}
{"level":"INFO","message":"[8:21:16.007 AM]: Configuring logger with level: 1, filePath: undefined, additionalLogToConsole: undefined"}
{"level":"INFO","message":"[8:21:24.566 AM]: Configuring logger with level: 1, filePath: undefined, additionalLogToConsole: undefined"}
{"level":"INFO","message":"[8:21:42.021 AM]: Configuring logger with level: 1, filePath: undefined, additionalLogToConsole: undefined"}
{"level":"INFO","message":"[8:21:56.964 AM]: Configuring logger with level: 1, filePath: undefined, additionalLogToConsole: undefined"}
{"level":"INFO","message":"[8:22:18.095 AM]: Configuring logger with level: 1, filePath: undefined, additionalLogToConsole: undefined"}
{"level":"INFO","message":"[8:23:11.179 AM]: Configuring logger with level: 1, filePath: undefined, additionalLogToConsole: undefined"}
{"level":"INFO","message":"[8:23:22.533 AM]: Configuring logger with level: 1, filePath: undefined, additionalLogToConsole: undefined"}
{"level":"INFO","message":"[8:23:31.521 AM]: Configuring logger with level: 1, filePath: undefined, additionalLogToConsole: undefined"}
{"level":"INFO","message":"[8:26:17.874 AM]: Configuring logger with level: 1, filePath: undefined, additionalLogToConsole: undefined"}
{"level":"INFO","message":"[8:26:32.361 AM]: Configuring logger with level: 1, filePath: undefined, additionalLogToConsole: undefined"}
{"level":"INFO","message":"[8:29:51.277 AM]: Configuring logger with level: 1, filePath: undefined, additionalLogToConsole: undefined"}
{"level":"ERROR","message":"[6:36:58.749 PM]: Error issuing heartbeat call: Incoming request with IP/Token 173.172.159.211 is not allowed to access Snowflake. Contact your account administrator. For more information about this error, go to https://community.snowflake.com/s/ip-xxxxxxxxxxxx-is-not-allowed-to-access."}
{"level":"ERROR","message":"[7:58:47.260 PM]: Error issuing heartbeat call: Incoming request with IP/Token 173.172.159.211 is not allowed to access Snowflake. Contact your account administrator. For more information about this error, go to https://community.snowflake.com/s/ip-xxxxxxxxxxxx-is-not-allowed-to-access."}
{"level":"ERROR","message":"[9:27:52.582 PM]: Error issuing heartbeat call: Unable to perform operation using terminated connection."}
{"level":"ERROR","message":"[9:27:52.869 PM]: Error issuing heartbeat call: Unable to perform operation using terminated connection."}
{"level":"ERROR","message":"[9:27:53.155 PM]: Error issuing heartbeat call: Unable to perform operation using terminated connection."}
{"level":"ERROR","message":"[9:28:09.847 PM]: Error issuing heartbeat call: Unable to perform operation using terminated connection."}
{"level":"ERROR","message":"[9:28:11.720 PM]: Error issuing heartbeat call: Unable to perform operation using terminated connection."}
{"level":"ERROR","message":"[9:28:12.779 PM]: Error issuing heartbeat call: Unable to perform operation using terminated connection."}
{"level":"ERROR","message":"[9:28:13.631 PM]: Error issuing heartbeat call: Unable to perform operation using terminated connection."}
{"level":"ERROR","message":"[9:28:15.936 PM]: Error issuing heartbeat call: Unable to perform operation using terminated connection."}
{"level":"ERROR","message":"[9:42:52.576 PM]: Error issuing heartbeat call: Unable to perform operation using terminated connection."}
{"level":"ERROR","message":"[9:42:52.866 PM]: Error issuing heartbeat call: Unable to perform operation using terminated connection."}
{"level":"ERROR","message":"[9:42:53.151 PM]: Error issuing heartbeat call: Unable to perform operation using terminated connection."}
{"level":"ERROR","message":"[9:43:09.843 PM]: Error issuing heartbeat call: Unable to perform operation using terminated connection."}
{"level":"ERROR","message":"[9:43:11.717 PM]: Error issuing heartbeat call: Unable to perform operation using terminated connection."}
{"level":"ERROR","message":"[9:43:12.776 PM]: Error issuing heartbeat call: Unable to perform operation using terminated connection."}
{"level":"ERROR","message":"[9:43:13.626 PM]: Error issuing heartbeat call: Unable to perform operation using terminated connection."}
{"level":"ERROR","message":"[9:43:15.933 PM]: Error issuing heartbeat call: Unable to perform operation using terminated connection."}
{"level":"INFO","message":"[7:42:39.307 AM]: Configuring logger with level: 1, filePath: undefined, additionalLogToConsole: undefined"}
{"level":"INFO","message":"[10:37:41.872 AM]: Configuring logger with level: 1, filePath: undefined, additionalLogToConsole: undefined"}
{"level":"INFO","message":"[10:42:16.545 AM]: Configuring logger with level: 1, filePath: undefined, additionalLogToConsole: undefined"}
{"level":"INFO","message":"[10:43:55.043 AM]: Configuring logger with level: 1, filePath: undefined, additionalLogToConsole: undefined"}
{"level":"INFO","message":"[10:52:20.683 AM]: Configuring logger with level: 1, filePath: undefined, additionalLogToConsole: undefined"}
{"level":"INFO","message":"[10:53:53.797 AM]: Configuring logger with level: 1, filePath: undefined, additionalLogToConsole: undefined"}
{"level":"INFO","message":"[11:07:30.366 AM]: Configuring logger with level: 1, filePath: undefined, additionalLogToConsole: undefined"}
{"level":"INFO","message":"[12:56:36.731 PM]: Configuring logger with level: 1, filePath: undefined, additionalLogToConsole: undefined"}
{"level":"INFO","message":"[12:59:08.391 PM]: Configuring logger with level: 1, filePath: undefined, additionalLogToConsole: undefined"}
{"level":"INFO","message":"[1:18:00.829 PM]: Configuring logger with level: 1, filePath: undefined, additionalLogToConsole: undefined"}
{"level":"INFO","message":"[1:47:23.726 PM]: Configuring logger with level: 1, filePath: undefined, additionalLogToConsole: undefined"}
{"level":"INFO","message":"[1:47:30.585 PM]: Configuring logger with level: 1, filePath: undefined, additionalLogToConsole: undefined"}
{"level":"INFO","message":"[2:01:00.077 PM]: Configuring logger with level: 1, filePath: undefined, additionalLogToConsole: undefined"}
{"level":"ERROR","message":"[2:26:47.319 PM]: Error issuing heartbeat call: Incoming request with IP/Token 173.172.159.211 is not allowed to access Snowflake. Contact your account administrator. For more information about this error, go to https://community.snowflake.com/s/ip-xxxxxxxxxxxx-is-not-allowed-to-access."}
{"level":"ERROR","message":"[2:59:01.554 PM]: Error issuing heartbeat call: Incoming request with IP/Token 173.172.159.211 is not allowed to access Snowflake. Contact your account administrator. For more information about this error, go to https://community.snowflake.com/s/ip-xxxxxxxxxxxx-is-not-allowed-to-access."}
{"level":"ERROR","message":"[5:29:40.972 PM]: Error issuing heartbeat call: Unable to perform operation using terminated connection."}
{"level":"ERROR","message":"[5:29:41.370 PM]: Error issuing heartbeat call: Unable to perform operation using terminated connection."}
{"level":"ERROR","message":"[5:29:41.782 PM]: Error issuing heartbeat call: Unable to perform operation using terminated connection."}
{"level":"INFO","message":"[5:30:09.659 PM]: Configuring logger with level: 1, filePath: undefined, additionalLogToConsole: undefined"}
{"level":"INFO","message":"[5:30:19.195 PM]: Configuring logger with level: 1, filePath: undefined, additionalLogToConsole: undefined"}
{"level":"INFO","message":"[5:30:23.186 PM]: Configuring logger with level: 1, filePath: undefined, additionalLogToConsole: undefined"}
{"level":"INFO","message":"[7:39:57.663 PM]: Configuring logger with level: 1, filePath: undefined, additionalLogToConsole: undefined"}
{"level":"INFO","message":"[7:52:31.580 PM]: Configuring logger with level: 1, filePath: undefined, additionalLogToConsole: undefined"}
{"level":"INFO","message":"[7:53:15.990 PM]: Configuring logger with level: 1, filePath: undefined, additionalLogToConsole: undefined"}
{"level":"INFO","message":"[7:53:48.914 PM]: Configuring logger with level: 1, filePath: undefined, additionalLogToConsole: undefined"}
{"level":"INFO","message":"[7:54:22.537 AM]: Configuring logger with level: 1, filePath: undefined, additionalLogToConsole: undefined"}
{"level":"INFO","message":"[7:54:32.777 AM]: Configuring logger with level: 1, filePath: undefined, additionalLogToConsole: undefined"}
{"level":"INFO","message":"[7:54:42.924 AM]: Configuring logger with level: 1, filePath: undefined, additionalLogToConsole: undefined"}
{"level":"INFO","message":"[8:07:56.631 AM]: Configuring logger with level: 1, filePath: undefined, additionalLogToConsole: undefined"}
{"level":"INFO","message":"[8:08:14.525 AM]: Configuring logger with level: 1, filePath: undefined, additionalLogToConsole: undefined"}
{"level":"INFO","message":"[8:08:24.948 AM]: Configuring logger with level: 1, filePath: undefined, additionalLogToConsole: undefined"}
{"level":"INFO","message":"[8:27:51.994 AM]: Configuring logger with level: 1, filePath: undefined, additionalLogToConsole: undefined"}
{"level":"INFO","message":"[8:28:01.055 AM]: Configuring logger with level: 1, filePath: undefined, additionalLogToConsole: undefined"}
{"level":"INFO","message":"[8:28:13.643 AM]: Configuring logger with level: 1, filePath: undefined, additionalLogToConsole: undefined"}
{"level":"INFO","message":"[8:28:27.270 AM]: Configuring logger with level: 1, filePath: undefined, additionalLogToConsole: undefined"}
{"level":"INFO","message":"[8:28:34.184 AM]: Configuring logger with level: 1, filePath: undefined, additionalLogToConsole: undefined"}
